
Showing logs for build [32mcb-kubecd-environment-pr-213-25-7dtfj-1[0m stage [32mfrom-build-pack[0m and container [32mstep-credential-initializer-wsrz9[0m
{"level":"info","ts":1588561783.851302,"logger":"fallback-logger","caller":"logging/config.go:69","msg":"Fetch GitHub commit ID from kodata failed: open /var/run/ko/refs/heads/0.8.0-ns-support: no such file or directory"}
{"level":"info","ts":1588561783.852177,"logger":"fallback-logger","caller":"creds-init/main.go:40","msg":"Credentials initialized."}

Showing logs for build [32mcb-kubecd-environment-pr-213-25-7dtfj-1[0m stage [32mfrom-build-pack[0m and container [32mstep-working-dir-initializer-slbbj[0m
{"level":"info","ts":1588561784.7378235,"logger":"fallback-logger","caller":"logging/config.go:69","msg":"Fetch GitHub commit ID from kodata failed: open /var/run/ko/HEAD: no such file or directory"}
{"level":"info","ts":1588561784.7395253,"logger":"fallback-logger","caller":"bash/main.go:64","msg":"Successfully executed command \"sh -c mkdir -p /workspace/source\"; output "}

Showing logs for build [32mcb-kubecd-environment-pr-213-25-7dtfj-1[0m stage [32mfrom-build-pack[0m and container [32mstep-place-tools[0m

Showing logs for build [32mcb-kubecd-environment-pr-213-25-7dtfj-1[0m stage [32mfrom-build-pack[0m and container [32mstep-git-source-cb-kubecd-environment-pr-213-25-7dtfj-h2mjv[0m
{"level":"info","ts":1588561787.9382732,"logger":"fallback-logger","caller":"logging/config.go:69","msg":"Fetch GitHub commit ID from kodata failed: open /var/run/ko/refs/heads/0.8.0-ns-support: no such file or directory"}
{"level":"info","ts":1588561788.99416,"logger":"fallback-logger","caller":"git/git.go:103","msg":"Successfully cloned https://github.com/cb-kubecd/environment-pr-213-25-boot-gke-staging.git @ master in path /workspace/source"}

Showing logs for build [32mcb-kubecd-environment-pr-213-25-7dtfj-1[0m stage [32mfrom-build-pack[0m and container [32mstep-git-merge[0m
Using SHAs from PULL_REFS=master:bc9c1fd5ea8ab0abe6d375cec7a3edc4c21b08b3,4:ec71e3216284a078c4c2f86e4afaf822e5f46446
DEBUG: LC_ALL=C JX_LOG_LEVEL=error git fetch origin --unshallow ec71e3216284a078c4c2f86e4afaf822e5f46446: bc9c1fd5ea8ab0abe6d375cec7a3edc4c21b08b3:
DEBUG: ran git fetch --unshallow origin ec71e3216284a078c4c2f86e4afaf822e5f46446: bc9c1fd5ea8ab0abe6d375cec7a3edc4c21b08b3: in 
DEBUG: LC_ALL=C JX_LOG_LEVEL=error git branch
DEBUG: LC_ALL=C JX_LOG_LEVEL=error git checkout master
DEBUG: ran git checkout master in 
DEBUG: LC_ALL=C JX_LOG_LEVEL=error git reset --hard bc9c1fd5ea8ab0abe6d375cec7a3edc4c21b08b3
DEBUG: ran git reset --hard bc9c1fd5ea8ab0abe6d375cec7a3edc4c21b08b3 in 
DEBUG: LC_ALL=C JX_LOG_LEVEL=error git clean -fd .
DEBUG: ran clean --force -d . in 
DEBUG: LC_ALL=C JX_LOG_LEVEL=error git merge ec71e3216284a078c4c2f86e4afaf822e5f46446
DEBUG: ran git merge ec71e3216284a078c4c2f86e4afaf822e5f46446 in 
DEBUG: LC_ALL=C JX_LOG_LEVEL=error git log --format=%H%x1f%an%x1f%ae%x1f%cn%x1f%ce%x1f%s%n%b%x1e bc9c1fd5ea8ab0abe6d375cec7a3edc4c21b08b3..HEAD
Merged SHA ec71e3216284a078c4c2f86e4afaf822e5f46446 with commit message 'chore: Promote bdd-nh-1588560082 to version 0.0.1' into base branch master

Showing logs for build [32mcb-kubecd-environment-pr-213-25-7dtfj-1[0m stage [32mfrom-build-pack[0m and container [32mstep-build-helm-build[0m
WARNING: No $CHART_REPOSITORY defined so using the default value of: http://jenkins-x-chartmuseum:8080
Adding missing Helm repo: storage.googleapis.com https://storage.googleapis.com/chartmuseum.jenkins-x.io
WARNING: No secrets found on "helm/repos" due: reading the secret "helm/repos" from vault: no secret "helm/repos" not found in vault
Read credentials for https://storage.googleapis.com/chartmuseum.jenkins-x.io from vault helm/repos
Successfully added Helm repository storage.googleapis.com.
Adding missing Helm repo: jenkins-x-chartmuseum http://jenkins-x-chartmuseum:8080
WARNING: No secrets found on "helm/repos" due: reading the secret "helm/repos" from vault: no secret "helm/repos" not found in vault
Read credentials for http://jenkins-x-chartmuseum:8080 from vault helm/repos
Successfully added Helm repository jenkins-x-chartmuseum.
WARNING: No $CHART_REPOSITORY defined so using the default value of: http://jenkins-x-chartmuseum:8080
Adding missing Helm repo: chartmuseum.jenkins-x.io http://chartmuseum.jenkins-x.io
WARNING: No secrets found on "helm/repos" due: reading the secret "helm/repos" from vault: no secret "helm/repos" not found in vault
Read credentials for http://chartmuseum.jenkins-x.io from vault helm/repos
Successfully added Helm repository chartmuseum.jenkins-x.io.
