
Showing logs for build [32mcb-kubecd-environment-pr-213-25-5hvpk-1[0m stage [32mfrom-build-pack[0m and container [32mstep-credential-initializer-d7dbv[0m
{"level":"info","ts":1588563017.2745504,"logger":"fallback-logger","caller":"logging/config.go:69","msg":"Fetch GitHub commit ID from kodata failed: open /var/run/ko/refs/heads/0.8.0-ns-support: no such file or directory"}
{"level":"info","ts":1588563017.2754533,"logger":"fallback-logger","caller":"creds-init/main.go:40","msg":"Credentials initialized."}

Showing logs for build [32mcb-kubecd-environment-pr-213-25-5hvpk-1[0m stage [32mfrom-build-pack[0m and container [32mstep-working-dir-initializer-r99q9[0m
{"level":"info","ts":1588563017.7171397,"logger":"fallback-logger","caller":"logging/config.go:69","msg":"Fetch GitHub commit ID from kodata failed: open /var/run/ko/HEAD: no such file or directory"}
{"level":"info","ts":1588563017.7188072,"logger":"fallback-logger","caller":"bash/main.go:64","msg":"Successfully executed command \"sh -c mkdir -p /workspace/source\"; output "}

Showing logs for build [32mcb-kubecd-environment-pr-213-25-5hvpk-1[0m stage [32mfrom-build-pack[0m and container [32mstep-place-tools[0m

Showing logs for build [32mcb-kubecd-environment-pr-213-25-5hvpk-1[0m stage [32mfrom-build-pack[0m and container [32mstep-git-source-cb-kubecd-environment-pr-213-25-5hvpk-bc4t5[0m
{"level":"info","ts":1588563021.9371753,"logger":"fallback-logger","caller":"logging/config.go:69","msg":"Fetch GitHub commit ID from kodata failed: open /var/run/ko/refs/heads/0.8.0-ns-support: no such file or directory"}
{"level":"info","ts":1588563022.993373,"logger":"fallback-logger","caller":"git/git.go:103","msg":"Successfully cloned https://github.com/cb-kubecd/environment-pr-213-25-boot-gke-staging.git @ master in path /workspace/source"}

Showing logs for build [32mcb-kubecd-environment-pr-213-25-5hvpk-1[0m stage [32mfrom-build-pack[0m and container [32mstep-git-merge[0m
Using SHAs from PULL_REFS=master:01b0372380a091b7b64fb206ca1668c2c1e0745b,6:3ada6f18d06bbae9438cc6f36f885910c9c9bd42
DEBUG: LC_ALL=C JX_LOG_LEVEL=error git fetch origin --unshallow 3ada6f18d06bbae9438cc6f36f885910c9c9bd42: 01b0372380a091b7b64fb206ca1668c2c1e0745b:
DEBUG: ran git fetch --unshallow origin 3ada6f18d06bbae9438cc6f36f885910c9c9bd42: 01b0372380a091b7b64fb206ca1668c2c1e0745b: in 
DEBUG: JX_LOG_LEVEL=error LC_ALL=C git branch
DEBUG: LC_ALL=C JX_LOG_LEVEL=error git checkout master
DEBUG: ran git checkout master in 
DEBUG: LC_ALL=C JX_LOG_LEVEL=error git reset --hard 01b0372380a091b7b64fb206ca1668c2c1e0745b
DEBUG: ran git reset --hard 01b0372380a091b7b64fb206ca1668c2c1e0745b in 
DEBUG: LC_ALL=C JX_LOG_LEVEL=error git clean -fd .
DEBUG: ran clean --force -d . in 
DEBUG: LC_ALL=C JX_LOG_LEVEL=error git merge 3ada6f18d06bbae9438cc6f36f885910c9c9bd42
DEBUG: ran git merge 3ada6f18d06bbae9438cc6f36f885910c9c9bd42 in 
DEBUG: LC_ALL=C JX_LOG_LEVEL=error git log --format=%H%x1f%an%x1f%ae%x1f%cn%x1f%ce%x1f%s%n%b%x1e 01b0372380a091b7b64fb206ca1668c2c1e0745b..HEAD
Merged SHA 3ada6f18d06bbae9438cc6f36f885910c9c9bd42 with commit message 'chore: Promote bdd-nh-import-1588562262 to version 0.0.1' into base branch master

Showing logs for build [32mcb-kubecd-environment-pr-213-25-5hvpk-1[0m stage [32mfrom-build-pack[0m and container [32mstep-build-helm-build[0m
WARNING: No $CHART_REPOSITORY defined so using the default value of: http://jenkins-x-chartmuseum:8080
Adding missing Helm repo: storage.googleapis.com https://storage.googleapis.com/chartmuseum.jenkins-x.io
WARNING: No secrets found on "helm/repos" due: reading the secret "helm/repos" from vault: no secret "helm/repos" not found in vault
Read credentials for https://storage.googleapis.com/chartmuseum.jenkins-x.io from vault helm/repos
Successfully added Helm repository storage.googleapis.com.
Adding missing Helm repo: jenkins-x-chartmuseum http://jenkins-x-chartmuseum:8080
WARNING: No secrets found on "helm/repos" due: reading the secret "helm/repos" from vault: no secret "helm/repos" not found in vault
Read credentials for http://jenkins-x-chartmuseum:8080 from vault helm/repos
Successfully added Helm repository jenkins-x-chartmuseum.
WARNING: No $CHART_REPOSITORY defined so using the default value of: http://jenkins-x-chartmuseum:8080
Adding missing Helm repo: chartmuseum.jenkins-x.io http://chartmuseum.jenkins-x.io
WARNING: No secrets found on "helm/repos" due: reading the secret "helm/repos" from vault: no secret "helm/repos" not found in vault
Read credentials for http://chartmuseum.jenkins-x.io from vault helm/repos
Successfully added Helm repository chartmuseum.jenkins-x.io.
