
Showing logs for build [32mcb-kubecd-environment-pr-213-25-zjccc-1[0m stage [32mfrom-build-pack[0m and container [32mstep-credential-initializer-v875w[0m
{"level":"info","ts":1588563535.7487013,"logger":"fallback-logger","caller":"logging/config.go:69","msg":"Fetch GitHub commit ID from kodata failed: open /var/run/ko/refs/heads/0.8.0-ns-support: no such file or directory"}
{"level":"info","ts":1588563535.7518091,"logger":"fallback-logger","caller":"creds-init/main.go:40","msg":"Credentials initialized."}

Showing logs for build [32mcb-kubecd-environment-pr-213-25-zjccc-1[0m stage [32mfrom-build-pack[0m and container [32mstep-working-dir-initializer-ltf8l[0m
{"level":"info","ts":1588563536.1729746,"logger":"fallback-logger","caller":"logging/config.go:69","msg":"Fetch GitHub commit ID from kodata failed: open /var/run/ko/HEAD: no such file or directory"}
{"level":"info","ts":1588563536.175359,"logger":"fallback-logger","caller":"bash/main.go:64","msg":"Successfully executed command \"sh -c mkdir -p /workspace/source\"; output "}

Showing logs for build [32mcb-kubecd-environment-pr-213-25-zjccc-1[0m stage [32mfrom-build-pack[0m and container [32mstep-place-tools[0m

Showing logs for build [32mcb-kubecd-environment-pr-213-25-zjccc-1[0m stage [32mfrom-build-pack[0m and container [32mstep-git-source-cb-kubecd-environment-pr-213-25-zjccc-nfxjt[0m
{"level":"info","ts":1588563540.2681334,"logger":"fallback-logger","caller":"logging/config.go:69","msg":"Fetch GitHub commit ID from kodata failed: open /var/run/ko/refs/heads/0.8.0-ns-support: no such file or directory"}
{"level":"info","ts":1588563541.3681111,"logger":"fallback-logger","caller":"git/git.go:103","msg":"Successfully cloned https://github.com/cb-kubecd/environment-pr-213-25-boot-gke-staging.git @ master in path /workspace/source"}

Showing logs for build [32mcb-kubecd-environment-pr-213-25-zjccc-1[0m stage [32mfrom-build-pack[0m and container [32mstep-git-merge[0m
Using SHAs from PULL_REFS=master:a9768bace99d914bd5f1b9b5c45b9fa0fc165ea9,7:cb934cbf7d837c33cb8c432e217e562b9317c517
DEBUG: LC_ALL=C JX_LOG_LEVEL=error git fetch origin --unshallow cb934cbf7d837c33cb8c432e217e562b9317c517: a9768bace99d914bd5f1b9b5c45b9fa0fc165ea9:
DEBUG: ran git fetch --unshallow origin cb934cbf7d837c33cb8c432e217e562b9317c517: a9768bace99d914bd5f1b9b5c45b9fa0fc165ea9: in 
DEBUG: LC_ALL=C JX_LOG_LEVEL=error git branch
DEBUG: LC_ALL=C JX_LOG_LEVEL=error git checkout master
DEBUG: ran git checkout master in 
DEBUG: LC_ALL=C JX_LOG_LEVEL=error git reset --hard a9768bace99d914bd5f1b9b5c45b9fa0fc165ea9
DEBUG: ran git reset --hard a9768bace99d914bd5f1b9b5c45b9fa0fc165ea9 in 
DEBUG: LC_ALL=C JX_LOG_LEVEL=error git clean -fd .
DEBUG: ran clean --force -d . in 
DEBUG: LC_ALL=C JX_LOG_LEVEL=error git merge cb934cbf7d837c33cb8c432e217e562b9317c517
DEBUG: ran git merge cb934cbf7d837c33cb8c432e217e562b9317c517 in 
DEBUG: LC_ALL=C JX_LOG_LEVEL=error git log --format=%H%x1f%an%x1f%ae%x1f%cn%x1f%ce%x1f%s%n%b%x1e a9768bace99d914bd5f1b9b5c45b9fa0fc165ea9..HEAD
Merged SHA cb934cbf7d837c33cb8c432e217e562b9317c517 with commit message 'chore: Promote bdd-sbrp-import-1588562262 to version 0.0.1' into base branch master

Showing logs for build [32mcb-kubecd-environment-pr-213-25-zjccc-1[0m stage [32mfrom-build-pack[0m and container [32mstep-build-helm-build[0m
WARNING: No $CHART_REPOSITORY defined so using the default value of: http://jenkins-x-chartmuseum:8080
Adding missing Helm repo: storage.googleapis.com https://storage.googleapis.com/chartmuseum.jenkins-x.io
WARNING: No secrets found on "helm/repos" due: reading the secret "helm/repos" from vault: no secret "helm/repos" not found in vault
Read credentials for https://storage.googleapis.com/chartmuseum.jenkins-x.io from vault helm/repos
Successfully added Helm repository storage.googleapis.com.
Adding missing Helm repo: jenkins-x-chartmuseum http://jenkins-x-chartmuseum:8080
WARNING: No secrets found on "helm/repos" due: reading the secret "helm/repos" from vault: no secret "helm/repos" not found in vault
Read credentials for http://jenkins-x-chartmuseum:8080 from vault helm/repos
Successfully added Helm repository jenkins-x-chartmuseum.
WARNING: No $CHART_REPOSITORY defined so using the default value of: http://jenkins-x-chartmuseum:8080
Adding missing Helm repo: chartmuseum.jenkins-x.io http://chartmuseum.jenkins-x.io
WARNING: No secrets found on "helm/repos" due: reading the secret "helm/repos" from vault: no secret "helm/repos" not found in vault
Read credentials for http://chartmuseum.jenkins-x.io from vault helm/repos
Successfully added Helm repository chartmuseum.jenkins-x.io.
